<?xml version="1.0" encoding="UTF-8"?>
<!-- Generated by org.testng.reporters.JUnitReportReporter -->
<testsuite name="Tunnel_setup.Java_Lambda_Tunnel_Setup.SampleTest" tests="1" time="5.372" ignored="0" failures="0" timestamp="28 Nov 2019 12:35:32 GMT" skipped="0" hostname="Lenovo-I7-PC" errors="0">
  <testcase name="testSimple" time="5.372" classname="Tunnel_setup.Java_Lambda_Tunnel_Setup.SampleTest"/>
</testsuite> <!-- Tunnel_setup.Java_Lambda_Tunnel_Setup.SampleTest -->
