<?xml version="1.0" encoding="UTF-8"?>
<!-- Generated by org.testng.reporters.JUnitReportReporter -->
<testsuite name="Tunnel_setup.Java_Lambda_Tunnel_Setup.SampleTest" tests="2" time="11.391" ignored="0" failures="0" timestamp="06 Dec 2019 11:35:22 GMT" skipped="0" hostname="Lenovo-I7-PC" errors="0">
  <testcase name="testSimple" time="5.820" classname="Tunnel_setup.Java_Lambda_Tunnel_Setup.SampleTest"/>
  <testcase name="testSimple" time="5.571" classname="Tunnel_setup.Java_Lambda_Tunnel_Setup.SampleTest"/>
</testsuite> <!-- Tunnel_setup.Java_Lambda_Tunnel_Setup.SampleTest -->
